Analysis & Synthesis report for projet
Tue Dec  8 12:01:48 2020
Quartus II 64-Bit Version 13.0.1 Build 232 06/12/2013 Service Pack 1 SJ Web Edition


---------------------
; Table of Contents ;
---------------------
  1. Legal Notice
  2. Analysis & Synthesis Summary
  3. Analysis & Synthesis Settings
  4. Parallel Compilation
  5. Analysis & Synthesis Source Files Read
  6. Analysis & Synthesis Resource Usage Summary
  7. Analysis & Synthesis Resource Utilization by Entity
  8. User-Specified and Inferred Latches
  9. Registers Removed During Synthesis
 10. General Register Statistics
 11. Multiplexer Restructuring Statistics (Restructuring Performed)
 12. Parameter Settings for User Entity Instance: datapath:dp|flopr:pcreg
 13. Parameter Settings for User Entity Instance: datapath:dp|mux2:pcjrmux
 14. Parameter Settings for User Entity Instance: datapath:dp|mux2:pcbrmux
 15. Parameter Settings for User Entity Instance: datapath:dp|mux2:pcmux
 16. Parameter Settings for User Entity Instance: datapath:dp|mux4:wrmux
 17. Parameter Settings for User Entity Instance: datapath:dp|mux4:wrmux|mux2:lowmux
 18. Parameter Settings for User Entity Instance: datapath:dp|mux4:wrmux|mux2:highmux
 19. Parameter Settings for User Entity Instance: datapath:dp|mux4:wrmux|mux2:finalmux
 20. Parameter Settings for User Entity Instance: datapath:dp|mux2:wrdatamux
 21. Parameter Settings for User Entity Instance: datapath:dp|mux2:resmux
 22. Parameter Settings for User Entity Instance: datapath:dp|mux4:srcbmux
 23. Parameter Settings for User Entity Instance: datapath:dp|mux4:srcbmux|mux2:lowmux
 24. Parameter Settings for User Entity Instance: datapath:dp|mux4:srcbmux|mux2:highmux
 25. Parameter Settings for User Entity Instance: datapath:dp|mux4:srcbmux|mux2:finalmux
 26. Port Connectivity Checks: "datapath:dp|alu:mainalu"
 27. Port Connectivity Checks: "datapath:dp|mux4:srcbmux"
 28. Port Connectivity Checks: "datapath:dp|mux4:wrmux"
 29. Port Connectivity Checks: "datapath:dp|mux2:pcmux"
 30. Port Connectivity Checks: "datapath:dp|adder:pcadd1"
 31. Port Connectivity Checks: "datapath:dp"
 32. Elapsed Time Per Partition
 33. Analysis & Synthesis Messages



----------------
; Legal Notice ;
----------------
Copyright (C) 1991-2013 Altera Corporation
Your use of Altera Corporation's design tools, logic functions 
and other software and tools, and its AMPP partner logic 
functions, and any output files from any of the foregoing 
(including device programming or simulation files), and any 
associated documentation or information are expressly subject 
to the terms and conditions of the Altera Program License 
Subscription Agreement, Altera MegaCore Function License 
Agreement, or other applicable license agreement, including, 
without limitation, that your use is for the sole purpose of 
programming logic devices manufactured by Altera and sold by 
Altera or its authorized distributors.  Please refer to the 
applicable agreement for further details.



+--------------------------------------------------------------------------------------+
; Analysis & Synthesis Summary                                                         ;
+------------------------------------+-------------------------------------------------+
; Analysis & Synthesis Status        ; Successful - Tue Dec  8 12:01:48 2020           ;
; Quartus II 64-Bit Version          ; 13.0.1 Build 232 06/12/2013 SP 1 SJ Web Edition ;
; Revision Name                      ; projet                                          ;
; Top-level Entity Name              ; proc_mips                                       ;
; Family                             ; Cyclone II                                      ;
; Total logic elements               ; 2,481                                           ;
;     Total combinational functions  ; 1,489                                           ;
;     Dedicated logic registers      ; 1,054                                           ;
; Total registers                    ; 1054                                            ;
; Total pins                         ; 163                                             ;
; Total virtual pins                 ; 0                                               ;
; Total memory bits                  ; 0                                               ;
; Embedded Multiplier 9-bit elements ; 0                                               ;
; Total PLLs                         ; 0                                               ;
+------------------------------------+-------------------------------------------------+


+----------------------------------------------------------------------------------------------------------------------+
; Analysis & Synthesis Settings                                                                                        ;
+----------------------------------------------------------------------------+--------------------+--------------------+
; Option                                                                     ; Setting            ; Default Value      ;
+----------------------------------------------------------------------------+--------------------+--------------------+
; Device                                                                     ; EP2C35F672C6       ;                    ;
; Top-level entity name                                                      ; proc_mips          ; projet             ;
; Family name                                                                ; Cyclone II         ; Cyclone IV GX      ;
; Use smart compilation                                                      ; Off                ; Off                ;
; Enable parallel Assembler and TimeQuest Timing Analyzer during compilation ; On                 ; On                 ;
; Enable compact report table                                                ; Off                ; Off                ;
; Restructure Multiplexers                                                   ; Auto               ; Auto               ;
; Create Debugging Nodes for IP Cores                                        ; Off                ; Off                ;
; Preserve fewer node names                                                  ; On                 ; On                 ;
; Disable OpenCore Plus hardware evaluation                                  ; Off                ; Off                ;
; Verilog Version                                                            ; Verilog_2001       ; Verilog_2001       ;
; VHDL Version                                                               ; VHDL_1993          ; VHDL_1993          ;
; State Machine Processing                                                   ; Auto               ; Auto               ;
; Safe State Machine                                                         ; Off                ; Off                ;
; Extract Verilog State Machines                                             ; On                 ; On                 ;
; Extract VHDL State Machines                                                ; On                 ; On                 ;
; Ignore Verilog initial constructs                                          ; Off                ; Off                ;
; Iteration limit for constant Verilog loops                                 ; 5000               ; 5000               ;
; Iteration limit for non-constant Verilog loops                             ; 250                ; 250                ;
; Add Pass-Through Logic to Inferred RAMs                                    ; On                 ; On                 ;
; Infer RAMs from Raw Logic                                                  ; On                 ; On                 ;
; Parallel Synthesis                                                         ; On                 ; On                 ;
; DSP Block Balancing                                                        ; Auto               ; Auto               ;
; NOT Gate Push-Back                                                         ; On                 ; On                 ;
; Power-Up Don't Care                                                        ; On                 ; On                 ;
; Remove Redundant Logic Cells                                               ; Off                ; Off                ;
; Remove Duplicate Registers                                                 ; On                 ; On                 ;
; Ignore CARRY Buffers                                                       ; Off                ; Off                ;
; Ignore CASCADE Buffers                                                     ; Off                ; Off                ;
; Ignore GLOBAL Buffers                                                      ; Off                ; Off                ;
; Ignore ROW GLOBAL Buffers                                                  ; Off                ; Off                ;
; Ignore LCELL Buffers                                                       ; Off                ; Off                ;
; Ignore SOFT Buffers                                                        ; On                 ; On                 ;
; Limit AHDL Integers to 32 Bits                                             ; Off                ; Off                ;
; Optimization Technique                                                     ; Balanced           ; Balanced           ;
; Carry Chain Length                                                         ; 70                 ; 70                 ;
; Auto Carry Chains                                                          ; On                 ; On                 ;
; Auto Open-Drain Pins                                                       ; On                 ; On                 ;
; Perform WYSIWYG Primitive Resynthesis                                      ; Off                ; Off                ;
; Auto ROM Replacement                                                       ; On                 ; On                 ;
; Auto RAM Replacement                                                       ; On                 ; On                 ;
; Auto Shift Register Replacement                                            ; Auto               ; Auto               ;
; Allow Shift Register Merging across Hierarchies                            ; Auto               ; Auto               ;
; Auto Clock Enable Replacement                                              ; On                 ; On                 ;
; Strict RAM Replacement                                                     ; Off                ; Off                ;
; Allow Synchronous Control Signals                                          ; On                 ; On                 ;
; Force Use of Synchronous Clear Signals                                     ; Off                ; Off                ;
; Auto RAM to Logic Cell Conversion                                          ; Off                ; Off                ;
; Auto Resource Sharing                                                      ; Off                ; Off                ;
; Allow Any RAM Size For Recognition                                         ; Off                ; Off                ;
; Allow Any ROM Size For Recognition                                         ; Off                ; Off                ;
; Allow Any Shift Register Size For Recognition                              ; Off                ; Off                ;
; Use LogicLock Constraints during Resource Balancing                        ; On                 ; On                 ;
; Ignore translate_off and synthesis_off directives                          ; Off                ; Off                ;
; Timing-Driven Synthesis                                                    ; Off                ; Off                ;
; Report Parameter Settings                                                  ; On                 ; On                 ;
; Report Source Assignments                                                  ; On                 ; On                 ;
; Report Connectivity Checks                                                 ; On                 ; On                 ;
; Ignore Maximum Fan-Out Assignments                                         ; Off                ; Off                ;
; Synchronization Register Chain Length                                      ; 2                  ; 2                  ;
; PowerPlay Power Optimization                                               ; Normal compilation ; Normal compilation ;
; HDL message level                                                          ; Level2             ; Level2             ;
; Suppress Register Optimization Related Messages                            ; Off                ; Off                ;
; Number of Removed Registers Reported in Synthesis Report                   ; 5000               ; 5000               ;
; Number of Swept Nodes Reported in Synthesis Report                         ; 5000               ; 5000               ;
; Number of Inverted Registers Reported in Synthesis Report                  ; 100                ; 100                ;
; Clock MUX Protection                                                       ; On                 ; On                 ;
; Auto Gated Clock Conversion                                                ; Off                ; Off                ;
; Block Design Naming                                                        ; Auto               ; Auto               ;
; SDC constraint protection                                                  ; Off                ; Off                ;
; Synthesis Effort                                                           ; Auto               ; Auto               ;
; Shift Register Replacement - Allow Asynchronous Clear Signal               ; On                 ; On                 ;
; Pre-Mapping Resynthesis Optimization                                       ; Off                ; Off                ;
; Analysis & Synthesis Message Level                                         ; Medium             ; Medium             ;
; Disable Register Merging Across Hierarchies                                ; Auto               ; Auto               ;
; Resource Aware Inference For Block RAM                                     ; On                 ; On                 ;
; Synthesis Seed                                                             ; 1                  ; 1                  ;
+----------------------------------------------------------------------------+--------------------+--------------------+


Parallel compilation was disabled, but you have multiple processors available. Enable parallel compilation to reduce compilation time.
+-------------------------------------+
; Parallel Compilation                ;
+----------------------------+--------+
; Processors                 ; Number ;
+----------------------------+--------+
; Number detected on machine ; 4      ;
; Maximum allowed            ; 1      ;
+----------------------------+--------+


+--------------------------------------------------------------------------------------------------------------------------------------------------+
; Analysis & Synthesis Source Files Read                                                                                                           ;
+----------------------------------+-----------------+-----------------+-----------------------------------------------------------------+---------+
; File Name with User-Entered Path ; Used in Netlist ; File Type       ; File Name with Absolute Path                                    ; Library ;
+----------------------------------+-----------------+-----------------+-----------------------------------------------------------------+---------+
; ../filesInitH19/zeroext.vhd      ; yes             ; User VHDL File  ; /home/vince/Desktop/IFT1227/devoir4/filesInitH19/zeroext.vhd    ;         ;
; ../filesInitH19/sl2.vhd          ; yes             ; User VHDL File  ; /home/vince/Desktop/IFT1227/devoir4/filesInitH19/sl2.vhd        ;         ;
; ../filesInitH19/signext.vhd      ; yes             ; User VHDL File  ; /home/vince/Desktop/IFT1227/devoir4/filesInitH19/signext.vhd    ;         ;
; ../filesInitH19/regfile.vhd      ; yes             ; User VHDL File  ; /home/vince/Desktop/IFT1227/devoir4/filesInitH19/regfile.vhd    ;         ;
; ../filesInitH19/proc_mips.vhd    ; yes             ; User VHDL File  ; /home/vince/Desktop/IFT1227/devoir4/filesInitH19/proc_mips.vhd  ;         ;
; ../filesInitH19/mux4.vhd         ; yes             ; User VHDL File  ; /home/vince/Desktop/IFT1227/devoir4/filesInitH19/mux4.vhd       ;         ;
; ../filesInitH19/mux2.vhd         ; yes             ; User VHDL File  ; /home/vince/Desktop/IFT1227/devoir4/filesInitH19/mux2.vhd       ;         ;
; ../filesInitH19/maindec.vhd      ; yes             ; User VHDL File  ; /home/vince/Desktop/IFT1227/devoir4/filesInitH19/maindec.vhd    ;         ;
; ../filesInitH19/flopr.vhd        ; yes             ; User VHDL File  ; /home/vince/Desktop/IFT1227/devoir4/filesInitH19/flopr.vhd      ;         ;
; ../filesInitH19/datapath.vhd     ; yes             ; User VHDL File  ; /home/vince/Desktop/IFT1227/devoir4/filesInitH19/datapath.vhd   ;         ;
; ../filesInitH19/controller.vhd   ; yes             ; User VHDL File  ; /home/vince/Desktop/IFT1227/devoir4/filesInitH19/controller.vhd ;         ;
; ../filesInitH19/aludec.vhd       ; yes             ; User VHDL File  ; /home/vince/Desktop/IFT1227/devoir4/filesInitH19/aludec.vhd     ;         ;
; ../filesInitH19/alu.vhd          ; yes             ; User VHDL File  ; /home/vince/Desktop/IFT1227/devoir4/filesInitH19/alu.vhd        ;         ;
; ../filesInitH19/adder.vhd        ; yes             ; User VHDL File  ; /home/vince/Desktop/IFT1227/devoir4/filesInitH19/adder.vhd      ;         ;
+----------------------------------+-----------------+-----------------+-----------------------------------------------------------------+---------+


+-----------------------------------------------------+
; Analysis & Synthesis Resource Usage Summary         ;
+---------------------------------------------+-------+
; Resource                                    ; Usage ;
+---------------------------------------------+-------+
; Estimated Total logic elements              ; 2,481 ;
;                                             ;       ;
; Total combinational functions               ; 1489  ;
; Logic element usage by number of LUT inputs ;       ;
;     -- 4 input functions                    ; 1363  ;
;     -- 3 input functions                    ; 95    ;
;     -- <=2 input functions                  ; 31    ;
;                                             ;       ;
; Logic elements by mode                      ;       ;
;     -- normal mode                          ; 1429  ;
;     -- arithmetic mode                      ; 60    ;
;                                             ;       ;
; Total registers                             ; 1054  ;
;     -- Dedicated logic registers            ; 1054  ;
;     -- I/O registers                        ; 0     ;
;                                             ;       ;
; I/O pins                                    ; 163   ;
; Embedded Multiplier 9-bit elements          ; 0     ;
; Maximum fan-out node                        ; clk   ;
; Maximum fan-out                             ; 1054  ;
; Total fan-out                               ; 9106  ;
; Average fan-out                             ; 3.37  ;
+---------------------------------------------+-------+


+-----------------------------------------------------------------------------------------------------------------------------------------------------------------------------------------------------------+
; Analysis & Synthesis Resource Utilization by Entity                                                                                                                                                       ;
+----------------------------+-------------------+--------------+-------------+--------------+---------+-----------+------+--------------+---------------------------------------------------+--------------+
; Compilation Hierarchy Node ; LC Combinationals ; LC Registers ; Memory Bits ; DSP Elements ; DSP 9x9 ; DSP 18x18 ; Pins ; Virtual Pins ; Full Hierarchy Name                               ; Library Name ;
+----------------------------+-------------------+--------------+-------------+--------------+---------+-----------+------+--------------+---------------------------------------------------+--------------+
; |proc_mips                 ; 1489 (0)          ; 1054 (0)     ; 0           ; 0            ; 0       ; 0         ; 163  ; 0            ; |proc_mips                                        ; work         ;
;    |controller:cont|       ; 3 (0)             ; 0 (0)        ; 0           ; 0            ; 0       ; 0         ; 0    ; 0            ; |proc_mips|controller:cont                        ; work         ;
;       |maindec:md|         ; 3 (3)             ; 0 (0)        ; 0           ; 0            ; 0       ; 0         ; 0    ; 0            ; |proc_mips|controller:cont|maindec:md             ; work         ;
;    |datapath:dp|           ; 1486 (0)          ; 1054 (0)     ; 0           ; 0            ; 0       ; 0         ; 0    ; 0            ; |proc_mips|datapath:dp                            ; work         ;
;       |adder:pcadd1|       ; 30 (30)           ; 0 (0)        ; 0           ; 0            ; 0       ; 0         ; 0    ; 0            ; |proc_mips|datapath:dp|adder:pcadd1               ; work         ;
;       |alu:mainalu|        ; 32 (32)           ; 0 (0)        ; 0           ; 0            ; 0       ; 0         ; 0    ; 0            ; |proc_mips|datapath:dp|alu:mainalu                ; work         ;
;       |flopr:pcreg|        ; 26 (26)           ; 30 (30)      ; 0           ; 0            ; 0       ; 0         ; 0    ; 0            ; |proc_mips|datapath:dp|flopr:pcreg                ; work         ;
;       |mux4:srcbmux|       ; 16 (0)            ; 0 (0)        ; 0           ; 0            ; 0       ; 0         ; 0    ; 0            ; |proc_mips|datapath:dp|mux4:srcbmux               ; work         ;
;          |mux2:finalmux|   ; 16 (16)           ; 0 (0)        ; 0           ; 0            ; 0       ; 0         ; 0    ; 0            ; |proc_mips|datapath:dp|mux4:srcbmux|mux2:finalmux ; work         ;
;       |mux4:wrmux|         ; 4 (0)             ; 0 (0)        ; 0           ; 0            ; 0       ; 0         ; 0    ; 0            ; |proc_mips|datapath:dp|mux4:wrmux                 ; work         ;
;          |mux2:finalmux|   ; 4 (4)             ; 0 (0)        ; 0           ; 0            ; 0       ; 0         ; 0    ; 0            ; |proc_mips|datapath:dp|mux4:wrmux|mux2:finalmux   ; work         ;
;       |regfile:rf|         ; 1378 (1378)       ; 1024 (1024)  ; 0           ; 0            ; 0       ; 0         ; 0    ; 0            ; |proc_mips|datapath:dp|regfile:rf                 ; work         ;
+----------------------------+-------------------+--------------+-------------+--------------+---------+-----------+------+--------------+---------------------------------------------------+--------------+
Note: For table entries with two numbers listed, the numbers in parentheses indicate the number of resources of the given type used by the specific entity alone. The numbers listed outside of parentheses indicate the total resources of the given type used by the specific entity and all of its sub-entities in the hierarchy.


+---------------------------------------------------------------------------------------------------------------+
; User-Specified and Inferred Latches                                                                           ;
+----------------------------------------------------+---------------------------------+------------------------+
; Latch Name                                         ; Latch Enable Signal             ; Free of Timing Hazards ;
+----------------------------------------------------+---------------------------------+------------------------+
; controller:cont|maindec:md|controls[11]            ; controller:cont|maindec:md|Mux1 ; yes                    ;
; controller:cont|maindec:md|controls[2]             ; controller:cont|maindec:md|Mux1 ; yes                    ;
; controller:cont|maindec:md|controls[10]            ; controller:cont|maindec:md|Mux1 ; yes                    ;
; controller:cont|maindec:md|controls[8]             ; controller:cont|maindec:md|Mux1 ; yes                    ;
; Number of user-specified and inferred latches = 4  ;                                 ;                        ;
+----------------------------------------------------+---------------------------------+------------------------+
Note: All latches listed above may not be present at the end of synthesis due to various synthesis optimizations.


+--------------------------------------------------------------------------------+
; Registers Removed During Synthesis                                             ;
+---------------------------------------+----------------------------------------+
; Register name                         ; Reason for Removal                     ;
+---------------------------------------+----------------------------------------+
; datapath:dp|flopr:pcreg|q[0,1]        ; Stuck at GND due to stuck port data_in ;
; Total Number of Removed Registers = 2 ;                                        ;
+---------------------------------------+----------------------------------------+


+------------------------------------------------------+
; General Register Statistics                          ;
+----------------------------------------------+-------+
; Statistic                                    ; Value ;
+----------------------------------------------+-------+
; Total registers                              ; 1054  ;
; Number of registers using Synchronous Clear  ; 0     ;
; Number of registers using Synchronous Load   ; 26    ;
; Number of registers using Asynchronous Clear ; 30    ;
; Number of registers using Asynchronous Load  ; 0     ;
; Number of registers using Clock Enable       ; 1024  ;
; Number of registers using Preset             ; 0     ;
+----------------------------------------------+-------+


+-----------------------------------------------------------------------------------------------------------------------------------------------------------------------+
; Multiplexer Restructuring Statistics (Restructuring Performed)                                                                                                        ;
+--------------------+-----------+---------------+----------------------+------------------------+------------+---------------------------------------------------------+
; Multiplexer Inputs ; Bus Width ; Baseline Area ; Area if Restructured ; Saving if Restructured ; Registered ; Example Multiplexer Output                              ;
+--------------------+-----------+---------------+----------------------+------------------------+------------+---------------------------------------------------------+
; 4:1                ; 4 bits    ; 8 LEs         ; 8 LEs                ; 0 LEs                  ; Yes        ; |proc_mips|datapath:dp|flopr:pcreg|q[31]                ;
; 4:1                ; 26 bits   ; 52 LEs        ; 52 LEs               ; 0 LEs                  ; Yes        ; |proc_mips|datapath:dp|flopr:pcreg|q[3]                 ;
; 4:1                ; 16 bits   ; 32 LEs        ; 32 LEs               ; 0 LEs                  ; No         ; |proc_mips|datapath:dp|mux4:srcbmux|mux2:finalmux|y[11] ;
; 3:1                ; 5 bits    ; 10 LEs        ; 10 LEs               ; 0 LEs                  ; No         ; |proc_mips|datapath:dp|mux4:wrmux|mux2:finalmux|y[2]    ;
; 3:1                ; 16 bits   ; 32 LEs        ; 32 LEs               ; 0 LEs                  ; No         ; |proc_mips|datapath:dp|mux4:srcbmux|mux2:finalmux|y[30] ;
; 3:1                ; 2 bits    ; 4 LEs         ; 4 LEs                ; 0 LEs                  ; No         ; |proc_mips|datapath:dp|mux2:wrdatamux|y[1]              ;
; 64:1               ; 30 bits   ; 1260 LEs      ; 240 LEs              ; 1020 LEs               ; No         ; |proc_mips|datapath:dp|alu:mainalu|Mux5                 ;
+--------------------+-----------+---------------+----------------------+------------------------+------------+---------------------------------------------------------+


+----------------------------------------------------------------------+
; Parameter Settings for User Entity Instance: datapath:dp|flopr:pcreg ;
+----------------+-------+---------------------------------------------+
; Parameter Name ; Value ; Type                                        ;
+----------------+-------+---------------------------------------------+
; width          ; 32    ; Signed Integer                              ;
+----------------+-------+---------------------------------------------+
Note: In order to hide this table in the UI and the text report file, please set the "Show Parameter Settings in Synthesis Report" option in "Analysis and Synthesis Settings -> More Settings" to "Off".


+-----------------------------------------------------------------------+
; Parameter Settings for User Entity Instance: datapath:dp|mux2:pcjrmux ;
+----------------+-------+----------------------------------------------+
; Parameter Name ; Value ; Type                                         ;
+----------------+-------+----------------------------------------------+
; width          ; 32    ; Signed Integer                               ;
+----------------+-------+----------------------------------------------+
Note: In order to hide this table in the UI and the text report file, please set the "Show Parameter Settings in Synthesis Report" option in "Analysis and Synthesis Settings -> More Settings" to "Off".


+-----------------------------------------------------------------------+
; Parameter Settings for User Entity Instance: datapath:dp|mux2:pcbrmux ;
+----------------+-------+----------------------------------------------+
; Parameter Name ; Value ; Type                                         ;
+----------------+-------+----------------------------------------------+
; width          ; 32    ; Signed Integer                               ;
+----------------+-------+----------------------------------------------+
Note: In order to hide this table in the UI and the text report file, please set the "Show Parameter Settings in Synthesis Report" option in "Analysis and Synthesis Settings -> More Settings" to "Off".


+---------------------------------------------------------------------+
; Parameter Settings for User Entity Instance: datapath:dp|mux2:pcmux ;
+----------------+-------+--------------------------------------------+
; Parameter Name ; Value ; Type                                       ;
+----------------+-------+--------------------------------------------+
; width          ; 32    ; Signed Integer                             ;
+----------------+-------+--------------------------------------------+
Note: In order to hide this table in the UI and the text report file, please set the "Show Parameter Settings in Synthesis Report" option in "Analysis and Synthesis Settings -> More Settings" to "Off".


+---------------------------------------------------------------------+
; Parameter Settings for User Entity Instance: datapath:dp|mux4:wrmux ;
+----------------+-------+--------------------------------------------+
; Parameter Name ; Value ; Type                                       ;
+----------------+-------+--------------------------------------------+
; width          ; 5     ; Signed Integer                             ;
+----------------+-------+--------------------------------------------+
Note: In order to hide this table in the UI and the text report file, please set the "Show Parameter Settings in Synthesis Report" option in "Analysis and Synthesis Settings -> More Settings" to "Off".


+---------------------------------------------------------------------------------+
; Parameter Settings for User Entity Instance: datapath:dp|mux4:wrmux|mux2:lowmux ;
+----------------+-------+--------------------------------------------------------+
; Parameter Name ; Value ; Type                                                   ;
+----------------+-------+--------------------------------------------------------+
; width          ; 5     ; Signed Integer                                         ;
+----------------+-------+--------------------------------------------------------+
Note: In order to hide this table in the UI and the text report file, please set the "Show Parameter Settings in Synthesis Report" option in "Analysis and Synthesis Settings -> More Settings" to "Off".


+----------------------------------------------------------------------------------+
; Parameter Settings for User Entity Instance: datapath:dp|mux4:wrmux|mux2:highmux ;
+----------------+-------+---------------------------------------------------------+
; Parameter Name ; Value ; Type                                                    ;
+----------------+-------+---------------------------------------------------------+
; width          ; 5     ; Signed Integer                                          ;
+----------------+-------+---------------------------------------------------------+
Note: In order to hide this table in the UI and the text report file, please set the "Show Parameter Settings in Synthesis Report" option in "Analysis and Synthesis Settings -> More Settings" to "Off".


+-----------------------------------------------------------------------------------+
; Parameter Settings for User Entity Instance: datapath:dp|mux4:wrmux|mux2:finalmux ;
+----------------+-------+----------------------------------------------------------+
; Parameter Name ; Value ; Type                                                     ;
+----------------+-------+----------------------------------------------------------+
; width          ; 5     ; Signed Integer                                           ;
+----------------+-------+----------------------------------------------------------+
Note: In order to hide this table in the UI and the text report file, please set the "Show Parameter Settings in Synthesis Report" option in "Analysis and Synthesis Settings -> More Settings" to "Off".


+-------------------------------------------------------------------------+
; Parameter Settings for User Entity Instance: datapath:dp|mux2:wrdatamux ;
+----------------+-------+------------------------------------------------+
; Parameter Name ; Value ; Type                                           ;
+----------------+-------+------------------------------------------------+
; width          ; 32    ; Signed Integer                                 ;
+----------------+-------+------------------------------------------------+
Note: In order to hide this table in the UI and the text report file, please set the "Show Parameter Settings in Synthesis Report" option in "Analysis and Synthesis Settings -> More Settings" to "Off".


+----------------------------------------------------------------------+
; Parameter Settings for User Entity Instance: datapath:dp|mux2:resmux ;
+----------------+-------+---------------------------------------------+
; Parameter Name ; Value ; Type                                        ;
+----------------+-------+---------------------------------------------+
; width          ; 32    ; Signed Integer                              ;
+----------------+-------+---------------------------------------------+
Note: In order to hide this table in the UI and the text report file, please set the "Show Parameter Settings in Synthesis Report" option in "Analysis and Synthesis Settings -> More Settings" to "Off".


+-----------------------------------------------------------------------+
; Parameter Settings for User Entity Instance: datapath:dp|mux4:srcbmux ;
+----------------+-------+----------------------------------------------+
; Parameter Name ; Value ; Type                                         ;
+----------------+-------+----------------------------------------------+
; width          ; 32    ; Signed Integer                               ;
+----------------+-------+----------------------------------------------+
Note: In order to hide this table in the UI and the text report file, please set the "Show Parameter Settings in Synthesis Report" option in "Analysis and Synthesis Settings -> More Settings" to "Off".


+-----------------------------------------------------------------------------------+
; Parameter Settings for User Entity Instance: datapath:dp|mux4:srcbmux|mux2:lowmux ;
+----------------+-------+----------------------------------------------------------+
; Parameter Name ; Value ; Type                                                     ;
+----------------+-------+----------------------------------------------------------+
; width          ; 32    ; Signed Integer                                           ;
+----------------+-------+----------------------------------------------------------+
Note: In order to hide this table in the UI and the text report file, please set the "Show Parameter Settings in Synthesis Report" option in "Analysis and Synthesis Settings -> More Settings" to "Off".


+------------------------------------------------------------------------------------+
; Parameter Settings for User Entity Instance: datapath:dp|mux4:srcbmux|mux2:highmux ;
+----------------+-------+-----------------------------------------------------------+
; Parameter Name ; Value ; Type                                                      ;
+----------------+-------+-----------------------------------------------------------+
; width          ; 32    ; Signed Integer                                            ;
+----------------+-------+-----------------------------------------------------------+
Note: In order to hide this table in the UI and the text report file, please set the "Show Parameter Settings in Synthesis Report" option in "Analysis and Synthesis Settings -> More Settings" to "Off".


+-------------------------------------------------------------------------------------+
; Parameter Settings for User Entity Instance: datapath:dp|mux4:srcbmux|mux2:finalmux ;
+----------------+-------+------------------------------------------------------------+
; Parameter Name ; Value ; Type                                                       ;
+----------------+-------+------------------------------------------------------------+
; width          ; 32    ; Signed Integer                                             ;
+----------------+-------+------------------------------------------------------------+
Note: In order to hide this table in the UI and the text report file, please set the "Show Parameter Settings in Synthesis Report" option in "Analysis and Synthesis Settings -> More Settings" to "Off".


+-------------------------------------------------------------------------------------------------------------------------------------------------------------------------+
; Port Connectivity Checks: "datapath:dp|alu:mainalu"                                                                                                                     ;
+-------+-------+----------+----------------------------------------------------------------------------------------------------------------------------------------------+
; Port  ; Type  ; Severity ; Details                                                                                                                                      ;
+-------+-------+----------+----------------------------------------------------------------------------------------------------------------------------------------------+
; shamt ; Input ; Warning  ; Declared by entity but not connected by instance. If a default value exists, it will be used.  Otherwise, the port will be connected to GND. ;
+-------+-------+----------+----------------------------------------------------------------------------------------------------------------------------------------------+


+------------------------------------------------------+
; Port Connectivity Checks: "datapath:dp|mux4:srcbmux" ;
+------+-------+----------+----------------------------+
; Port ; Type  ; Severity ; Details                    ;
+------+-------+----------+----------------------------+
; d3   ; Input ; Info     ; Stuck at GND               ;
+------+-------+----------+----------------------------+


+----------------------------------------------------+
; Port Connectivity Checks: "datapath:dp|mux4:wrmux" ;
+------+-------+----------+--------------------------+
; Port ; Type  ; Severity ; Details                  ;
+------+-------+----------+--------------------------+
; d3   ; Input ; Info     ; Stuck at VCC             ;
+------+-------+----------+--------------------------+


+----------------------------------------------------+
; Port Connectivity Checks: "datapath:dp|mux2:pcmux" ;
+----------+-------+----------+----------------------+
; Port     ; Type  ; Severity ; Details              ;
+----------+-------+----------+----------------------+
; d1[1..0] ; Input ; Info     ; Stuck at GND         ;
+----------+-------+----------+----------------------+


+------------------------------------------------------+
; Port Connectivity Checks: "datapath:dp|adder:pcadd1" ;
+----------+-------+----------+------------------------+
; Port     ; Type  ; Severity ; Details                ;
+----------+-------+----------+------------------------+
; b[31..3] ; Input ; Info     ; Stuck at GND           ;
; b[1..0]  ; Input ; Info     ; Stuck at GND           ;
; b[2]     ; Input ; Info     ; Stuck at VCC           ;
+----------+-------+----------+------------------------+


+-----------------------------------------------------------------------------------------------------------------------------------------+
; Port Connectivity Checks: "datapath:dp"                                                                                                 ;
+----------+--------+----------+----------------------------------------------------------------------------------------------------------+
; Port     ; Type   ; Severity ; Details                                                                                                  ;
+----------+--------+----------+----------------------------------------------------------------------------------------------------------+
; overflow ; Output ; Warning  ; Declared by entity but not connected by instance. Logic that only feeds a dangling port will be removed. ;
; nal      ; Output ; Warning  ; Declared by entity but not connected by instance. Logic that only feeds a dangling port will be removed. ;
+----------+--------+----------+----------------------------------------------------------------------------------------------------------+


+-------------------------------+
; Elapsed Time Per Partition    ;
+----------------+--------------+
; Partition Name ; Elapsed Time ;
+----------------+--------------+
; Top            ; 00:00:02     ;
+----------------+--------------+


+-------------------------------+
; Analysis & Synthesis Messages ;
+-------------------------------+
Info: *******************************************************************
Info: Running Quartus II 64-Bit Analysis & Synthesis
    Info: Version 13.0.1 Build 232 06/12/2013 Service Pack 1 SJ Web Edition
    Info: Processing started: Tue Dec  8 12:01:44 2020
Info: Command: quartus_map --read_settings_files=on --write_settings_files=off projet -c projet
Warning (20028): Parallel compilation is not licensed and has been disabled
Info (12021): Found 2 design units, including 1 entities, in source file /home/vince/Desktop/IFT1227/devoir4/filesInitH19/zeroext.vhd
    Info (12022): Found design unit 1: zeroext-behave
    Info (12023): Found entity 1: zeroext
Info (12021): Found 2 design units, including 1 entities, in source file /home/vince/Desktop/IFT1227/devoir4/filesInitH19/testbench.vhd
    Info (12022): Found design unit 1: testbench-test
    Info (12023): Found entity 1: testbench
Info (12021): Found 2 design units, including 1 entities, in source file /home/vince/Desktop/IFT1227/devoir4/filesInitH19/sl2.vhd
    Info (12022): Found design unit 1: sl2-behave
    Info (12023): Found entity 1: sl2
Info (12021): Found 2 design units, including 1 entities, in source file /home/vince/Desktop/IFT1227/devoir4/filesInitH19/signext.vhd
    Info (12022): Found design unit 1: signext-behave
    Info (12023): Found entity 1: signext
Info (12021): Found 2 design units, including 1 entities, in source file /home/vince/Desktop/IFT1227/devoir4/filesInitH19/regfile.vhd
    Info (12022): Found design unit 1: regfile-behave
    Info (12023): Found entity 1: regfile
Info (12021): Found 2 design units, including 1 entities, in source file /home/vince/Desktop/IFT1227/devoir4/filesInitH19/proc_mips.vhd
    Info (12022): Found design unit 1: proc_mips-struct
    Info (12023): Found entity 1: proc_mips
Info (12021): Found 2 design units, including 1 entities, in source file /home/vince/Desktop/IFT1227/devoir4/filesInitH19/mux4.vhd
    Info (12022): Found design unit 1: mux4-struct
    Info (12023): Found entity 1: mux4
Info (12021): Found 2 design units, including 1 entities, in source file /home/vince/Desktop/IFT1227/devoir4/filesInitH19/mux2.vhd
    Info (12022): Found design unit 1: mux2-behave
    Info (12023): Found entity 1: mux2
Info (12021): Found 2 design units, including 1 entities, in source file /home/vince/Desktop/IFT1227/devoir4/filesInitH19/mips.vhd
    Info (12022): Found design unit 1: mips-test
    Info (12023): Found entity 1: mips
Info (12021): Found 2 design units, including 1 entities, in source file /home/vince/Desktop/IFT1227/devoir4/filesInitH19/maindec.vhd
    Info (12022): Found design unit 1: maindec-behave
    Info (12023): Found entity 1: maindec
Info (12021): Found 2 design units, including 1 entities, in source file /home/vince/Desktop/IFT1227/devoir4/filesInitH19/imem.vhd
    Info (12022): Found design unit 1: imem-behave
    Info (12023): Found entity 1: imem
Info (12021): Found 2 design units, including 1 entities, in source file /home/vince/Desktop/IFT1227/devoir4/filesInitH19/flopr.vhd
    Info (12022): Found design unit 1: flopr-asynchronous
    Info (12023): Found entity 1: flopr
Info (12021): Found 2 design units, including 1 entities, in source file /home/vince/Desktop/IFT1227/devoir4/filesInitH19/dmem.vhd
    Info (12022): Found design unit 1: dmem-behave
    Info (12023): Found entity 1: dmem
Info (12021): Found 2 design units, including 1 entities, in source file /home/vince/Desktop/IFT1227/devoir4/filesInitH19/datapath.vhd
    Info (12022): Found design unit 1: datapath-struct
    Info (12023): Found entity 1: datapath
Info (12021): Found 2 design units, including 1 entities, in source file /home/vince/Desktop/IFT1227/devoir4/filesInitH19/controller.vhd
    Info (12022): Found design unit 1: controller-struct
    Info (12023): Found entity 1: controller
Info (12021): Found 2 design units, including 1 entities, in source file /home/vince/Desktop/IFT1227/devoir4/filesInitH19/aludec.vhd
    Info (12022): Found design unit 1: aludec-behave
    Info (12023): Found entity 1: aludec
Info (12021): Found 2 design units, including 1 entities, in source file /home/vince/Desktop/IFT1227/devoir4/filesInitH19/alu.vhd
    Info (12022): Found design unit 1: alu-behave
    Info (12023): Found entity 1: alu
Info (12021): Found 2 design units, including 1 entities, in source file /home/vince/Desktop/IFT1227/devoir4/filesInitH19/adder.vhd
    Info (12022): Found design unit 1: adder-behave
    Info (12023): Found entity 1: adder
Info (12127): Elaborating entity "proc_mips" for the top level hierarchy
Info (12128): Elaborating entity "controller" for hierarchy "controller:cont"
Info (12128): Elaborating entity "maindec" for hierarchy "controller:cont|maindec:md"
Warning (10492): VHDL Process Statement warning at maindec.vhd(32): signal "funct" is read inside the Process Statement but isn't in the Process Statement's sensitivity list
Warning (10492): VHDL Process Statement warning at maindec.vhd(34): signal "controls" is read inside the Process Statement but isn't in the Process Statement's sensitivity list
Warning (10631): VHDL Process Statement warning at maindec.vhd(20): inferring latch(es) for signal or variable "controls", which holds its previous value in one or more paths through the process
Info (10041): Inferred latch for "controls[0]" at maindec.vhd(20)
Info (10041): Inferred latch for "controls[1]" at maindec.vhd(20)
Info (10041): Inferred latch for "controls[2]" at maindec.vhd(20)
Info (10041): Inferred latch for "controls[3]" at maindec.vhd(20)
Info (10041): Inferred latch for "controls[4]" at maindec.vhd(20)
Info (10041): Inferred latch for "controls[5]" at maindec.vhd(20)
Info (10041): Inferred latch for "controls[6]" at maindec.vhd(20)
Info (10041): Inferred latch for "controls[7]" at maindec.vhd(20)
Info (10041): Inferred latch for "controls[8]" at maindec.vhd(20)
Info (10041): Inferred latch for "controls[9]" at maindec.vhd(20)
Info (10041): Inferred latch for "controls[10]" at maindec.vhd(20)
Info (10041): Inferred latch for "controls[11]" at maindec.vhd(20)
Info (10041): Inferred latch for "controls[12]" at maindec.vhd(20)
Info (12128): Elaborating entity "aludec" for hierarchy "controller:cont|aludec:ad"
Info (12128): Elaborating entity "datapath" for hierarchy "datapath:dp"
Warning (10541): VHDL Signal Declaration warning at datapath.vhd(12): used implicit default value for signal "nal" because signal was never assigned a value or an explicit default value. Use of implicit default value may introduce unintended design optimizations.
Warning (10541): VHDL Signal Declaration warning at datapath.vhd(70): used implicit default value for signal "foo" because signal was never assigned a value or an explicit default value. Use of implicit default value may introduce unintended design optimizations.
Info (12128): Elaborating entity "flopr" for hierarchy "datapath:dp|flopr:pcreg"
Info (12128): Elaborating entity "adder" for hierarchy "datapath:dp|adder:pcadd1"
Info (12128): Elaborating entity "sl2" for hierarchy "datapath:dp|sl2:immsh"
Info (12128): Elaborating entity "mux2" for hierarchy "datapath:dp|mux2:pcjrmux"
Info (12128): Elaborating entity "regfile" for hierarchy "datapath:dp|regfile:rf"
Info (12128): Elaborating entity "mux4" for hierarchy "datapath:dp|mux4:wrmux"
Info (12128): Elaborating entity "mux2" for hierarchy "datapath:dp|mux4:wrmux|mux2:lowmux"
Info (12128): Elaborating entity "signext" for hierarchy "datapath:dp|signext:se"
Info (12128): Elaborating entity "zeroext" for hierarchy "datapath:dp|zeroext:ze"
Info (12128): Elaborating entity "mux4" for hierarchy "datapath:dp|mux4:srcbmux"
Info (12128): Elaborating entity "alu" for hierarchy "datapath:dp|alu:mainalu"
Info (276014): Found 1 instances of uninferred RAM logic
    Info (276007): RAM logic "datapath:dp|regfile:rf|mem" is uninferred due to asynchronous read logic
Warning (12241): 2 hierarchies have connectivity warnings - see the Connectivity Checks report folder
Info (13025): Duplicate LATCH primitives merged into single LATCH primitive
    Info (13026): Duplicate LATCH primitive "controller:cont|maindec:md|controls[8]" merged with LATCH primitive "controller:cont|maindec:md|controls[11]"
    Info (13026): Duplicate LATCH primitive "controller:cont|maindec:md|controls[10]" merged with LATCH primitive "controller:cont|maindec:md|controls[11]"
    Info (13026): Duplicate LATCH primitive "controller:cont|maindec:md|controls[2]" merged with LATCH primitive "controller:cont|maindec:md|controls[11]"
Warning (13012): Latch controller:cont|maindec:md|controls[11] has unsafe behavior
    Warning (13013): Ports D and ENA on the latch are fed by the same signal instr[0]
Warning (13024): Output pins are stuck at VCC or GND
    Warning (13410): Pin "pc[0]" is stuck at GND
    Warning (13410): Pin "pc[1]" is stuck at GND
    Warning (13410): Pin "memwrite" is stuck at GND
Info (16010): Generating hard_block partition "hard_block:auto_generated_inst"
    Info (16011): Adding 0 node(s), including 0 DDIO, 0 PLL, 0 transceiver and 0 LCELL
Warning (21074): Design contains 38 input pin(s) that do not drive logic
    Warning (15610): No output dependent on input pin "instr[26]"
    Warning (15610): No output dependent on input pin "instr[27]"
    Warning (15610): No output dependent on input pin "instr[28]"
    Warning (15610): No output dependent on input pin "instr[29]"
    Warning (15610): No output dependent on input pin "instr[30]"
    Warning (15610): No output dependent on input pin "instr[31]"
    Warning (15610): No output dependent on input pin "readdata[2]"
    Warning (15610): No output dependent on input pin "readdata[3]"
    Warning (15610): No output dependent on input pin "readdata[4]"
    Warning (15610): No output dependent on input pin "readdata[5]"
    Warning (15610): No output dependent on input pin "readdata[6]"
    Warning (15610): No output dependent on input pin "readdata[7]"
    Warning (15610): No output dependent on input pin "readdata[8]"
    Warning (15610): No output dependent on input pin "readdata[9]"
    Warning (15610): No output dependent on input pin "readdata[10]"
    Warning (15610): No output dependent on input pin "readdata[11]"
    Warning (15610): No output dependent on input pin "readdata[12]"
    Warning (15610): No output dependent on input pin "readdata[13]"
    Warning (15610): No output dependent on input pin "readdata[14]"
    Warning (15610): No output dependent on input pin "readdata[15]"
    Warning (15610): No output dependent on input pin "readdata[16]"
    Warning (15610): No output dependent on input pin "readdata[17]"
    Warning (15610): No output dependent on input pin "readdata[18]"
    Warning (15610): No output dependent on input pin "readdata[19]"
    Warning (15610): No output dependent on input pin "readdata[20]"
    Warning (15610): No output dependent on input pin "readdata[21]"
    Warning (15610): No output dependent on input pin "readdata[22]"
    Warning (15610): No output dependent on input pin "readdata[23]"
    Warning (15610): No output dependent on input pin "readdata[24]"
    Warning (15610): No output dependent on input pin "readdata[25]"
    Warning (15610): No output dependent on input pin "readdata[26]"
    Warning (15610): No output dependent on input pin "readdata[27]"
    Warning (15610): No output dependent on input pin "readdata[28]"
    Warning (15610): No output dependent on input pin "readdata[29]"
    Warning (15610): No output dependent on input pin "readdata[30]"
    Warning (15610): No output dependent on input pin "readdata[31]"
    Warning (15610): No output dependent on input pin "readdata[0]"
    Warning (15610): No output dependent on input pin "readdata[1]"
Info (21057): Implemented 2676 device resources after synthesis - the final resource count might be different
    Info (21058): Implemented 66 input pins
    Info (21059): Implemented 97 output pins
    Info (21061): Implemented 2513 logic cells
Info: Quartus II 64-Bit Analysis & Synthesis was successful. 0 errors, 52 warnings
    Info: Peak virtual memory: 628 megabytes
    Info: Processing ended: Tue Dec  8 12:01:48 2020
    Info: Elapsed time: 00:00:04
    Info: Total CPU time (on all processors): 00:00:04


